c:\users\danny\desktop\source\debug\vc141.pdb
c:\users\danny\desktop\source\debug\vc141.idb
c:\users\danny\desktop\source\debug\uiresource.obj
c:\users\danny\desktop\source\debug\uiobject.obj
c:\users\danny\desktop\source\debug\tinyxml2.obj
c:\users\danny\desktop\source\debug\texture.obj
c:\users\danny\desktop\source\debug\spriterenderer.obj
c:\users\danny\desktop\source\debug\shader.obj
c:\users\danny\desktop\source\debug\resourcemanager.obj
c:\users\danny\desktop\source\debug\physicshandler.obj
c:\users\danny\desktop\source\debug\main.obj
c:\users\danny\desktop\source\debug\linerenderer.obj
c:\users\danny\desktop\source\debug\globals.obj
c:\users\danny\desktop\source\debug\gameobject.obj
c:\users\danny\desktop\source\debug\game.obj
c:\users\danny\desktop\source\debug\ballcontroller.obj
c:\users\danny\desktop\source\debug\ball.obj
c:\users\danny\desktop\source\debug\physicsobject.obj
c:\users\danny\desktop\source\debug\poolgame.exe
c:\users\danny\desktop\source\debug\poolgame.ilk
c:\users\danny\desktop\source\debug\poolgame.pdb
c:\users\danny\desktop\source\debug\openglcourseapp.ilk
c:\users\danny\desktop\source\debug\openglcourseapp.pdb
c:\users\danny\desktop\source\debug\poolgame.tlog\cl.command.1.tlog
c:\users\danny\desktop\source\debug\poolgame.tlog\cl.read.1.tlog
c:\users\danny\desktop\source\debug\poolgame.tlog\cl.write.1.tlog
c:\users\danny\desktop\source\debug\poolgame.tlog\link.command.1.tlog
c:\users\danny\desktop\source\debug\poolgame.tlog\link.read.1.tlog
c:\users\danny\desktop\source\debug\poolgame.tlog\link.write.1.tlog
