  Ball.cpp
  BallController.cpp
  Game.cpp
c:\users\danny\desktop\source\cpp\game.cpp(95): warning C4244: 'argument': conversion from 'int' to 'float', possible loss of data
c:\users\danny\desktop\source\cpp\game.cpp(104): warning C4244: 'argument': conversion from 'int' to 'float', possible loss of data
c:\users\danny\desktop\source\cpp\game.cpp(134): warning C4244: 'argument': conversion from 'int' to 'const _Ty', possible loss of data
          with
          [
              _Ty=float
          ]
c:\users\danny\desktop\source\cpp\game.cpp(142): warning C4244: '=': conversion from '_Ty' to 'int', possible loss of data
          with
          [
              _Ty=float
          ]
c:\users\danny\desktop\source\cpp\game.cpp(143): warning C4244: '=': conversion from '_Ty' to 'int', possible loss of data
          with
          [
              _Ty=float
          ]
c:\users\danny\desktop\source\cpp\game.cpp(155): warning C4244: '=': conversion from '_Ty' to 'int', possible loss of data
          with
          [
              _Ty=float
          ]
  GameObject.cpp
  globals.cpp
  LineRenderer.cpp
  main.cpp
c:\users\danny\desktop\source\cpp\main.cpp(31): warning C4244: 'argument': conversion from 'double' to 'float', possible loss of data
c:\users\danny\desktop\source\cpp\main.cpp(32): warning C4244: 'argument': conversion from 'double' to 'float', possible loss of data
c:\users\danny\desktop\source\cpp\main.cpp(81): warning C4244: 'argument': conversion from 'double' to 'float', possible loss of data
c:\users\danny\desktop\source\cpp\main.cpp(130): warning C4244: 'argument': conversion from 'double' to 'float', possible loss of data
  PhysicsHandler.cpp
c:\users\danny\desktop\source\cpp\physicshandler.cpp(60): warning C4244: 'argument': conversion from 'double' to 'float', possible loss of data
c:\users\danny\desktop\source\cpp\physicshandler.cpp(61): warning C4244: 'argument': conversion from 'double' to 'float', possible loss of data
c:\users\danny\desktop\source\cpp\physicshandler.cpp(63): warning C4244: 'argument': conversion from 'double' to 'float', possible loss of data
c:\users\danny\desktop\source\cpp\physicshandler.cpp(64): warning C4244: 'argument': conversion from 'double' to 'float', possible loss of data
  ResourceManager.cpp
c:\users\danny\desktop\source\cpp\resourcemanager.cpp(92): warning C4244: 'argument': conversion from 'int' to 'float', possible loss of data
c:\users\danny\desktop\source\cpp\resourcemanager.cpp(93): warning C4244: 'argument': conversion from 'int' to 'float', possible loss of data
c:\users\danny\desktop\source\cpp\resourcemanager.cpp(94): warning C4244: 'argument': conversion from 'int' to 'float', possible loss of data
c:\users\danny\desktop\source\cpp\resourcemanager.cpp(95): warning C4244: 'argument': conversion from 'int' to 'float', possible loss of data
c:\users\danny\desktop\source\cpp\resourcemanager.cpp(150): warning C4996: 'strcpy': This function or variable may be unsafe. Consider using strcpy_s instead. To disable deprecation, use _CRT_SECURE_NO_WARNINGS. See online help for details.
  c:\program files (x86)\windows kits\10\include\10.0.17134.0\ucrt\string.h(133): note: see declaration of 'strcpy'
c:\users\danny\desktop\source\cpp\resourcemanager.cpp(115): warning C4101: 'nameCopy': unreferenced local variable
c:\users\danny\desktop\source\cpp\resourcemanager.cpp(191): warning C4244: 'argument': conversion from 'int' to 'float', possible loss of data
c:\users\danny\desktop\source\cpp\resourcemanager.cpp(192): warning C4244: 'argument': conversion from 'int' to 'float', possible loss of data
c:\users\danny\desktop\source\cpp\resourcemanager.cpp(196): warning C4244: 'argument': conversion from 'int' to 'float', possible loss of data
c:\users\danny\desktop\source\cpp\resourcemanager.cpp(197): warning C4244: 'argument': conversion from 'int' to 'float', possible loss of data
c:\users\danny\desktop\source\cpp\resourcemanager.cpp(243): warning C4244: 'argument': conversion from 'double' to 'float', possible loss of data
c:\users\danny\desktop\source\cpp\resourcemanager.cpp(245): warning C4244: 'argument': conversion from 'double' to 'float', possible loss of data
  Shader.cpp
c:\users\danny\desktop\source\cpp\shader.cpp(56): warning C4267: '=': conversion from 'size_t' to 'GLint', possible loss of data
  SpriteRenderer.cpp
  Texture.cpp
  tinyxml2.cpp
  UIObject.cpp
  UIResource.cpp
  Generating Code...
c:\users\danny\desktop\source\cpp\resourcemanager.cpp(30): warning C4715: 'ResourceManager::Click': not all control paths return a value
Game.obj : error LNK2019: unresolved external symbol "private: void __cdecl Game::UseCue(void)" (?UseCue@Game@@AEAAXXZ) referenced in function "public: void __cdecl Game::Render(void)" (?Render@Game@@QEAAXXZ)
Game.obj : error LNK2019: unresolved external symbol "public: void __cdecl Game::CalculateLineEndPoint(void)" (?CalculateLineEndPoint@Game@@QEAAXXZ) referenced in function "public: void __cdecl Game::Render(void)" (?Render@Game@@QEAAXXZ)
LineRenderer.obj : error LNK2001: unresolved external symbol __imp___glewBindBuffer
SpriteRenderer.obj : error LNK2001: unresolved external symbol __imp___glewBindBuffer
LineRenderer.obj : error LNK2001: unresolved external symbol __imp___glewBufferData
SpriteRenderer.obj : error LNK2001: unresolved external symbol __imp___glewBufferData
LineRenderer.obj : error LNK2001: unresolved external symbol __imp___glewGenBuffers
SpriteRenderer.obj : error LNK2001: unresolved external symbol __imp___glewGenBuffers
LineRenderer.obj : error LNK2001: unresolved external symbol __imp___glewEnableVertexAttribArray
SpriteRenderer.obj : error LNK2001: unresolved external symbol __imp___glewEnableVertexAttribArray
LineRenderer.obj : error LNK2001: unresolved external symbol __imp___glewUseProgram
Shader.obj : error LNK2001: unresolved external symbol __imp___glewUseProgram
SpriteRenderer.obj : error LNK2001: unresolved external symbol __imp___glewUseProgram
LineRenderer.obj : error LNK2001: unresolved external symbol __imp___glewVertexAttribPointer
SpriteRenderer.obj : error LNK2001: unresolved external symbol __imp___glewVertexAttribPointer
LineRenderer.obj : error LNK2001: unresolved external symbol __imp___glewBindVertexArray
SpriteRenderer.obj : error LNK2001: unresolved external symbol __imp___glewBindVertexArray
LineRenderer.obj : error LNK2001: unresolved external symbol __imp___glewGenVertexArrays
SpriteRenderer.obj : error LNK2001: unresolved external symbol __imp___glewGenVertexArrays
main.obj : error LNK2019: unresolved external symbol __imp_glewInit referenced in function main
main.obj : error LNK2019: unresolved external symbol glfwInit referenced in function main
main.obj : error LNK2019: unresolved external symbol glfwTerminate referenced in function main
main.obj : error LNK2019: unresolved external symbol glfwWindowHint referenced in function main
main.obj : error LNK2019: unresolved external symbol glfwCreateWindow referenced in function main
main.obj : error LNK2019: unresolved external symbol glfwDestroyWindow referenced in function main
main.obj : error LNK2019: unresolved external symbol glfwWindowShouldClose referenced in function main
main.obj : error LNK2019: unresolved external symbol glfwPollEvents referenced in function main
main.obj : error LNK2019: unresolved external symbol glfwGetCursorPos referenced in function "void __cdecl mouseInput(struct GLFWwindow *,class Game *)" (?mouseInput@@YAXPEAUGLFWwindow@@PEAVGame@@@Z)
main.obj : error LNK2019: unresolved external symbol glfwSetKeyCallback referenced in function main
main.obj : error LNK2019: unresolved external symbol glfwSetMouseButtonCallback referenced in function main
main.obj : error LNK2019: unresolved external symbol glfwGetTime referenced in function main
main.obj : error LNK2019: unresolved external symbol glfwMakeContextCurrent referenced in function main
main.obj : error LNK2019: unresolved external symbol glfwSwapBuffers referenced in function main
main.obj : error LNK2001: unresolved external symbol __imp_glewExperimental
Shader.obj : error LNK2001: unresolved external symbol __imp___glewAttachShader
Shader.obj : error LNK2001: unresolved external symbol __imp___glewCompileShader
Shader.obj : error LNK2001: unresolved external symbol __imp___glewCreateProgram
Shader.obj : error LNK2001: unresolved external symbol __imp___glewCreateShader
Shader.obj : error LNK2001: unresolved external symbol __imp___glewDeleteShader
Shader.obj : error LNK2001: unresolved external symbol __imp___glewGetProgramInfoLog
Shader.obj : error LNK2001: unresolved external symbol __imp___glewGetProgramiv
Shader.obj : error LNK2001: unresolved external symbol __imp___glewGetShaderInfoLog
Shader.obj : error LNK2001: unresolved external symbol __imp___glewGetShaderiv
Shader.obj : error LNK2001: unresolved external symbol __imp___glewGetUniformLocation
Shader.obj : error LNK2001: unresolved external symbol __imp___glewLinkProgram
Shader.obj : error LNK2001: unresolved external symbol __imp___glewShaderSource
Shader.obj : error LNK2001: unresolved external symbol __imp___glewUniform2f
Shader.obj : error LNK2001: unresolved external symbol __imp___glewUniformMatrix4fv
Shader.obj : error LNK2001: unresolved external symbol __imp___glewValidateProgram
Texture.obj : error LNK2001: unresolved external symbol __imp___glewActiveTexture
Texture.obj : error LNK2001: unresolved external symbol __imp___glewGenerateMipmap
glew32.lib : warning LNK4272: library machine type 'x86' conflicts with target machine type 'x64'
glfw3.lib : warning LNK4272: library machine type 'x86' conflicts with target machine type 'x64'
C:\Users\danny\Desktop\Source\x64\Debug\poolgame.exe : fatal error LNK1120: 42 unresolved externals
