c:\users\danny\desktop\source\repos\openglcourseapp\openglcourseapp\release\vc141.pdb
c:\users\danny\desktop\source\repos\openglcourseapp\openglcourseapp\release\vc141.idb
c:\users\danny\desktop\source\repos\openglcourseapp\openglcourseapp\release\resourcemanager.obj
c:\users\danny\desktop\source\repos\openglcourseapp\openglcourseapp\release\tinyxml2.obj
c:\users\danny\desktop\source\repos\openglcourseapp\openglcourseapp\release\texture.obj
c:\users\danny\desktop\source\repos\openglcourseapp\openglcourseapp\release\spriterenderer.obj
c:\users\danny\desktop\source\repos\openglcourseapp\openglcourseapp\release\shader.obj
c:\users\danny\desktop\source\repos\openglcourseapp\openglcourseapp\release\physicshandler.obj
c:\users\danny\desktop\source\repos\openglcourseapp\openglcourseapp\release\main.obj
c:\users\danny\desktop\source\repos\openglcourseapp\openglcourseapp\release\linerenderer.obj
c:\users\danny\desktop\source\repos\openglcourseapp\openglcourseapp\release\globals.obj
c:\users\danny\desktop\source\repos\openglcourseapp\openglcourseapp\release\gameobject.obj
c:\users\danny\desktop\source\repos\openglcourseapp\openglcourseapp\release\game.obj
c:\users\danny\desktop\source\repos\openglcourseapp\openglcourseapp\release\button.obj
c:\users\danny\desktop\source\repos\openglcourseapp\openglcourseapp\release\ballcontroller.obj
c:\users\danny\desktop\source\repos\openglcourseapp\openglcourseapp\release\ball.obj
c:\users\danny\desktop\source\repos\openglcourseapp\openglcourseapp\release\audiohandler.obj
c:\users\danny\desktop\source\repos\openglcourseapp\openglcourseapp\release\uiresource.obj
c:\users\danny\desktop\source\repos\openglcourseapp\release\openglcourseapp.exe
c:\users\danny\desktop\source\repos\openglcourseapp\release\openglcourseapp.ilk
c:\users\danny\desktop\source\repos\openglcourseapp\release\openglcourseapp.pdb
c:\users\danny\desktop\source\repos\openglcourseapp\openglcourseapp\release\openglcourseapp.tlog\cl.command.1.tlog
c:\users\danny\desktop\source\repos\openglcourseapp\openglcourseapp\release\openglcourseapp.tlog\cl.read.1.tlog
c:\users\danny\desktop\source\repos\openglcourseapp\openglcourseapp\release\openglcourseapp.tlog\cl.write.1.tlog
c:\users\danny\desktop\source\repos\openglcourseapp\openglcourseapp\release\openglcourseapp.tlog\link.command.1.tlog
c:\users\danny\desktop\source\repos\openglcourseapp\openglcourseapp\release\openglcourseapp.tlog\link.read.1.tlog
c:\users\danny\desktop\source\repos\openglcourseapp\openglcourseapp\release\openglcourseapp.tlog\link.write.1.tlog
